{"contracts/chatGpt/main.sol":{"l":{"27":0,"28":0,"30":0,"33":0,"34":0,"36":0,"38":0,"40":0,"42":0,"44":0,"46":0,"48":0,"53":0,"54":0,"56":0,"58":0,"60":0,"62":0,"64":0,"70":0,"71":0,"72":0,"74":0,"75":0,"77":0,"83":0,"84":0,"85":0,"86":0,"95":0,"96":0,"97":0,"98":0},"path":"/home/slavic/WORK/marsha-plus/contracts/chatGpt/main.sol","s":{"1":0,"2":0,"3":0,"4":0,"5":0,"6":0,"7":0,"8":0,"9":0,"10":0,"11":0,"12":0,"13":0,"14":0,"15":0,"16":0,"17":0,"18":0,"19":0,"20":0,"21":0,"22":0,"23":0,"24":0,"25":0,"26":0,"27":0,"28":0,"29":0,"30":0,"31":0,"32":0,"33":0},"b":{"1":[0,0],"2":[0,0],"3":[0,0]},"f":{"1":0,"2":0,"3":0,"4":0,"5":0},"fnMap":{"1":{"name":"constructor","line":26,"loc":{"start":{"line":26,"column":2},"end":{"line":49,"column":2}}},"2":{"name":"teamRewardAfter3Years","line":52,"loc":{"start":{"line":52,"column":2},"end":{"line":66,"column":2}}},"3":{"name":"burnIfNeeded","line":69,"loc":{"start":{"line":69,"column":2},"end":{"line":79,"column":2}}},"4":{"name":"transfer","line":82,"loc":{"start":{"line":82,"column":2},"end":{"line":87,"column":2}}},"5":{"name":"transferFrom","line":90,"loc":{"start":{"line":90,"column":2},"end":{"line":99,"column":2}}}},"statementMap":{"1":{"start":{"line":27,"column":4},"end":{"line":27,"column":38}},"2":{"start":{"line":28,"column":4},"end":{"line":28,"column":43}},"3":{"start":{"line":30,"column":4},"end":{"line":30,"column":39}},"4":{"start":{"line":33,"column":4},"end":{"line":33,"column":69}},"5":{"start":{"line":34,"column":4},"end":{"line":34,"column":56}},"6":{"start":{"line":36,"column":4},"end":{"line":36,"column":66}},"7":{"start":{"line":38,"column":4},"end":{"line":38,"column":69}},"8":{"start":{"line":40,"column":4},"end":{"line":40,"column":70}},"9":{"start":{"line":42,"column":4},"end":{"line":42,"column":68}},"10":{"start":{"line":44,"column":4},"end":{"line":44,"column":68}},"11":{"start":{"line":46,"column":4},"end":{"line":46,"column":66}},"12":{"start":{"line":48,"column":4},"end":{"line":48,"column":68}},"13":{"start":{"line":53,"column":4},"end":{"line":53,"column":2389}},"14":{"start":{"line":54,"column":6},"end":{"line":54,"column":69}},"15":{"start":{"line":56,"column":6},"end":{"line":56,"column":71}},"16":{"start":{"line":58,"column":6},"end":{"line":58,"column":72}},"17":{"start":{"line":60,"column":6},"end":{"line":60,"column":70}},"18":{"start":{"line":62,"column":6},"end":{"line":62,"column":68}},"19":{"start":{"line":64,"column":6},"end":{"line":64,"column":70}},"20":{"start":{"line":70,"column":4},"end":{"line":70,"column":3015}},"21":{"start":{"line":71,"column":6},"end":{"line":71,"column":51}},"22":{"start":{"line":72,"column":6},"end":{"line":72,"column":77}},"23":{"start":{"line":74,"column":6},"end":{"line":74,"column":3270}},"24":{"start":{"line":75,"column":8},"end":{"line":75,"column":37}},"25":{"start":{"line":77,"column":6},"end":{"line":77,"column":40}},"26":{"start":{"line":83,"column":4},"end":{"line":83,"column":17}},"27":{"start":{"line":84,"column":4},"end":{"line":84,"column":26}},"28":{"start":{"line":85,"column":4},"end":{"line":85,"column":36}},"29":{"start":{"line":86,"column":4},"end":{"line":86,"column":15}},"30":{"start":{"line":95,"column":4},"end":{"line":95,"column":17}},"31":{"start":{"line":96,"column":4},"end":{"line":96,"column":26}},"32":{"start":{"line":97,"column":4},"end":{"line":97,"column":48}},"33":{"start":{"line":98,"column":4},"end":{"line":98,"column":15}}},"branchMap":{"1":{"line":53,"type":"if","locations":[{"start":{"line":53,"column":4},"end":{"line":53,"column":4}},{"start":{"line":53,"column":4},"end":{"line":53,"column":4}}]},"2":{"line":70,"type":"if","locations":[{"start":{"line":70,"column":4},"end":{"line":70,"column":4}},{"start":{"line":70,"column":4},"end":{"line":70,"column":4}}]},"3":{"line":74,"type":"if","locations":[{"start":{"line":74,"column":6},"end":{"line":74,"column":6}},{"start":{"line":74,"column":6},"end":{"line":74,"column":6}}]}}},"contracts/chatGpt/nft.sol":{"l":{"17":0,"18":0,"19":0,"20":0,"26":0,"32":0,"38":0,"44":0,"45":0,"46":0,"47":0,"48":0,"50":0,"51":0,"52":0,"54":0,"60":0,"61":0},"path":"/home/slavic/WORK/marsha-plus/contracts/chatGpt/nft.sol","s":{"1":0,"2":0,"3":0,"4":0,"5":0,"6":0,"7":0,"8":0,"9":0,"10":0,"11":0,"12":0,"13":0,"14":0,"15":0,"16":0,"17":0,"18":0},"b":{"1":[0,0],"2":[0,0]},"f":{"1":0,"2":0,"3":0,"4":0,"5":0,"6":0,"7":0},"fnMap":{"1":{"name":"constructor","line":14,"loc":{"start":{"line":14,"column":2},"end":{"line":14,"column":42}}},"2":{"name":"safeMint","line":16,"loc":{"start":{"line":16,"column":2},"end":{"line":21,"column":2}}},"3":{"name":"_burn","line":25,"loc":{"start":{"line":25,"column":2},"end":{"line":27,"column":2}}},"4":{"name":"tokenURI","line":29,"loc":{"start":{"line":29,"column":2},"end":{"line":33,"column":2}}},"5":{"name":"supportsInterface","line":35,"loc":{"start":{"line":35,"column":2},"end":{"line":39,"column":2}}},"6":{"name":"purchase","line":43,"loc":{"start":{"line":43,"column":2},"end":{"line":55,"column":2}}},"7":{"name":"setArtistCommission","line":59,"loc":{"start":{"line":59,"column":2},"end":{"line":62,"column":2}}}},"statementMap":{"1":{"start":{"line":17,"column":4},"end":{"line":17,"column":47}},"2":{"start":{"line":18,"column":4},"end":{"line":18,"column":30}},"3":{"start":{"line":19,"column":4},"end":{"line":19,"column":25}},"4":{"start":{"line":20,"column":4},"end":{"line":20,"column":29}},"5":{"start":{"line":26,"column":4},"end":{"line":26,"column":23}},"6":{"start":{"line":32,"column":4},"end":{"line":32,"column":34}},"7":{"start":{"line":38,"column":4},"end":{"line":38,"column":47}},"8":{"start":{"line":44,"column":4},"end":{"line":44,"column":52}},"9":{"start":{"line":45,"column":4},"end":{"line":45,"column":43}},"10":{"start":{"line":46,"column":4},"end":{"line":46,"column":29}},"11":{"start":{"line":47,"column":4},"end":{"line":47,"column":73}},"12":{"start":{"line":48,"column":4},"end":{"line":48,"column":51}},"13":{"start":{"line":50,"column":4},"end":{"line":50,"column":54}},"14":{"start":{"line":51,"column":4},"end":{"line":51,"column":32}},"15":{"start":{"line":52,"column":4},"end":{"line":52,"column":45}},"16":{"start":{"line":54,"column":4},"end":{"line":54,"column":41}},"17":{"start":{"line":60,"column":4},"end":{"line":60,"column":73}},"18":{"start":{"line":61,"column":4},"end":{"line":61,"column":42}}},"branchMap":{"1":{"line":44,"type":"if","locations":[{"start":{"line":44,"column":4},"end":{"line":44,"column":4}},{"start":{"line":44,"column":4},"end":{"line":44,"column":4}}]},"2":{"line":60,"type":"if","locations":[{"start":{"line":60,"column":4},"end":{"line":60,"column":4}},{"start":{"line":60,"column":4},"end":{"line":60,"column":4}}]}}},"contracts/chatGpt/staking.sol":{"l":{"14":0,"15":0,"16":0,"20":0,"21":0,"22":0,"23":0,"27":0,"28":0,"29":0,"30":0,"31":0,"32":0,"33":0},"path":"/home/slavic/WORK/marsha-plus/contracts/chatGpt/staking.sol","s":{"1":0,"2":0,"3":0,"4":0,"5":0,"6":0,"7":0,"8":0,"9":0,"10":0,"11":0,"12":0,"13":0,"14":0},"b":{"1":[0,0],"2":[0,0],"3":[0,0]},"f":{"1":0,"2":0,"3":0},"fnMap":{"1":{"name":"constructor","line":13,"loc":{"start":{"line":13,"column":2},"end":{"line":17,"column":2}}},"2":{"name":"stake","line":19,"loc":{"start":{"line":19,"column":2},"end":{"line":24,"column":2}}},"3":{"name":"unstake","line":26,"loc":{"start":{"line":26,"column":2},"end":{"line":34,"column":2}}}},"statementMap":{"1":{"start":{"line":14,"column":4},"end":{"line":14,"column":25}},"2":{"start":{"line":15,"column":4},"end":{"line":15,"column":21}},"3":{"start":{"line":16,"column":4},"end":{"line":16,"column":71}},"4":{"start":{"line":20,"column":4},"end":{"line":20,"column":73}},"5":{"start":{"line":21,"column":4},"end":{"line":21,"column":56}},"6":{"start":{"line":22,"column":4},"end":{"line":22,"column":39}},"7":{"start":{"line":23,"column":4},"end":{"line":23,"column":24}},"8":{"start":{"line":27,"column":4},"end":{"line":27,"column":82}},"9":{"start":{"line":28,"column":4},"end":{"line":28,"column":53}},"10":{"start":{"line":29,"column":4},"end":{"line":29,"column":53}},"11":{"start":{"line":30,"column":4},"end":{"line":30,"column":45}},"12":{"start":{"line":31,"column":4},"end":{"line":31,"column":52}},"13":{"start":{"line":32,"column":4},"end":{"line":32,"column":33}},"14":{"start":{"line":33,"column":4},"end":{"line":33,"column":30}}},"branchMap":{"1":{"line":20,"type":"if","locations":[{"start":{"line":20,"column":4},"end":{"line":20,"column":4}},{"start":{"line":20,"column":4},"end":{"line":20,"column":4}}]},"2":{"line":27,"type":"if","locations":[{"start":{"line":27,"column":4},"end":{"line":27,"column":4}},{"start":{"line":27,"column":4},"end":{"line":27,"column":4}}]},"3":{"line":29,"type":"if","locations":[{"start":{"line":29,"column":4},"end":{"line":29,"column":4}},{"start":{"line":29,"column":4},"end":{"line":29,"column":4}}]}}},"contracts/chatGpt/voiting.sol":{"l":{"11":0,"12":0,"16":0,"17":0,"21":0,"22":0,"26":0,"27":0,"31":0,"32":0,"36":0,"42":0,"48":0},"path":"/home/slavic/WORK/marsha-plus/contracts/chatGpt/voiting.sol","s":{"1":0,"2":0,"3":0,"4":0,"5":0,"6":0,"7":0,"8":0,"9":0},"b":{"1":[0,0],"2":[0,0],"3":[0,0]},"f":{"1":0,"2":0,"3":0,"4":0,"5":0,"6":0,"7":0,"8":0},"fnMap":{"1":{"name":"constructor","line":10,"loc":{"start":{"line":10,"column":2},"end":{"line":13,"column":2}}},"2":{"name":"onlyOwner","line":15,"loc":{"start":{"line":15,"column":2},"end":{"line":18,"column":2}}},"3":{"name":"validProposal","line":20,"loc":{"start":{"line":20,"column":2},"end":{"line":23,"column":2}}},"4":{"name":"hasNotVoted","line":25,"loc":{"start":{"line":25,"column":2},"end":{"line":28,"column":2}}},"5":{"name":"vote","line":30,"loc":{"start":{"line":30,"column":2},"end":{"line":33,"column":2}}},"6":{"name":"getProposalCount","line":35,"loc":{"start":{"line":35,"column":2},"end":{"line":37,"column":2}}},"7":{"name":"getProposal","line":41,"loc":{"start":{"line":39,"column":2},"end":{"line":43,"column":2}}},"8":{"name":"getVoteCount","line":47,"loc":{"start":{"line":45,"column":2},"end":{"line":49,"column":2}}}},"statementMap":{"1":{"start":{"line":11,"column":4},"end":{"line":11,"column":21}},"2":{"start":{"line":12,"column":4},"end":{"line":12,"column":25}},"3":{"start":{"line":16,"column":4},"end":{"line":16,"column":74}},"4":{"start":{"line":21,"column":4},"end":{"line":21,"column":65}},"5":{"start":{"line":26,"column":4},"end":{"line":26,"column":60}},"6":{"start":{"line":31,"column":4},"end":{"line":31,"column":30}},"7":{"start":{"line":36,"column":4},"end":{"line":36,"column":27}},"8":{"start":{"line":42,"column":4},"end":{"line":42,"column":32}},"9":{"start":{"line":48,"column":4},"end":{"line":48,"column":28}}},"branchMap":{"1":{"line":16,"type":"if","locations":[{"start":{"line":16,"column":4},"end":{"line":16,"column":4}},{"start":{"line":16,"column":4},"end":{"line":16,"column":4}}]},"2":{"line":21,"type":"if","locations":[{"start":{"line":21,"column":4},"end":{"line":21,"column":4}},{"start":{"line":21,"column":4},"end":{"line":21,"column":4}}]},"3":{"line":26,"type":"if","locations":[{"start":{"line":26,"column":4},"end":{"line":26,"column":4}},{"start":{"line":26,"column":4},"end":{"line":26,"column":4}}]}}},"contracts/MarshaPlus.sol":{"l":{"45":84,"46":84,"47":84,"48":84,"49":84,"50":84,"51":84,"52":84,"54":84,"55":84,"57":84,"60":84,"61":84,"63":84,"65":84,"67":84,"69":84,"71":84,"73":84,"75":84,"80":16,"81":2,"83":2,"85":2,"87":2,"89":2,"91":2,"97":16,"98":6,"99":6,"101":6,"102":4,"104":6,"110":16,"111":16,"112":16,"113":16,"122":0,"123":0,"124":0,"125":0},"path":"/home/slavic/WORK/marsha-plus/contracts/MarshaPlus.sol","s":{"1":84,"2":84,"3":84,"4":84,"5":84,"6":84,"7":84,"8":84,"9":84,"10":84,"11":84,"12":84,"13":84,"14":84,"15":84,"16":84,"17":84,"18":84,"19":84,"20":84,"21":16,"22":2,"23":2,"24":2,"25":2,"26":2,"27":2,"28":16,"29":6,"30":6,"31":6,"32":4,"33":6,"34":16,"35":16,"36":16,"37":16,"38":0,"39":0,"40":0,"41":0},"b":{"1":[2,14],"2":[6,10],"3":[4,2]},"f":{"1":84,"2":16,"3":16,"4":16,"5":0},"fnMap":{"1":{"name":"constructor","line":44,"loc":{"start":{"line":35,"column":2},"end":{"line":76,"column":2}}},"2":{"name":"teamRewardAfter3Years","line":79,"loc":{"start":{"line":79,"column":2},"end":{"line":93,"column":2}}},"3":{"name":"burnIfNeeded","line":96,"loc":{"start":{"line":96,"column":2},"end":{"line":106,"column":2}}},"4":{"name":"transfer","line":109,"loc":{"start":{"line":109,"column":2},"end":{"line":114,"column":2}}},"5":{"name":"transferFrom","line":117,"loc":{"start":{"line":117,"column":2},"end":{"line":126,"column":2}}}},"statementMap":{"1":{"start":{"line":45,"column":4},"end":{"line":45,"column":25}},"2":{"start":{"line":46,"column":4},"end":{"line":46,"column":21}},"3":{"start":{"line":47,"column":4},"end":{"line":47,"column":27}},"4":{"start":{"line":48,"column":4},"end":{"line":48,"column":29}},"5":{"start":{"line":49,"column":4},"end":{"line":49,"column":25}},"6":{"start":{"line":50,"column":4},"end":{"line":50,"column":25}},"7":{"start":{"line":51,"column":4},"end":{"line":51,"column":17}},"8":{"start":{"line":52,"column":4},"end":{"line":52,"column":25}},"9":{"start":{"line":54,"column":4},"end":{"line":54,"column":38}},"10":{"start":{"line":55,"column":4},"end":{"line":55,"column":43}},"11":{"start":{"line":57,"column":4},"end":{"line":57,"column":39}},"12":{"start":{"line":60,"column":4},"end":{"line":60,"column":69}},"13":{"start":{"line":61,"column":4},"end":{"line":61,"column":56}},"14":{"start":{"line":63,"column":4},"end":{"line":63,"column":66}},"15":{"start":{"line":65,"column":4},"end":{"line":65,"column":69}},"16":{"start":{"line":67,"column":4},"end":{"line":67,"column":70}},"17":{"start":{"line":69,"column":4},"end":{"line":69,"column":68}},"18":{"start":{"line":71,"column":4},"end":{"line":71,"column":68}},"19":{"start":{"line":73,"column":4},"end":{"line":73,"column":66}},"20":{"start":{"line":75,"column":4},"end":{"line":75,"column":68}},"21":{"start":{"line":80,"column":4},"end":{"line":80,"column":3046}},"22":{"start":{"line":81,"column":6},"end":{"line":81,"column":69}},"23":{"start":{"line":83,"column":6},"end":{"line":83,"column":71}},"24":{"start":{"line":85,"column":6},"end":{"line":85,"column":72}},"25":{"start":{"line":87,"column":6},"end":{"line":87,"column":70}},"26":{"start":{"line":89,"column":6},"end":{"line":89,"column":68}},"27":{"start":{"line":91,"column":6},"end":{"line":91,"column":70}},"28":{"start":{"line":97,"column":4},"end":{"line":97,"column":3672}},"29":{"start":{"line":98,"column":6},"end":{"line":98,"column":51}},"30":{"start":{"line":99,"column":6},"end":{"line":99,"column":77}},"31":{"start":{"line":101,"column":6},"end":{"line":101,"column":3927}},"32":{"start":{"line":102,"column":8},"end":{"line":102,"column":37}},"33":{"start":{"line":104,"column":6},"end":{"line":104,"column":40}},"34":{"start":{"line":110,"column":4},"end":{"line":110,"column":17}},"35":{"start":{"line":111,"column":4},"end":{"line":111,"column":26}},"36":{"start":{"line":112,"column":4},"end":{"line":112,"column":36}},"37":{"start":{"line":113,"column":4},"end":{"line":113,"column":15}},"38":{"start":{"line":122,"column":4},"end":{"line":122,"column":17}},"39":{"start":{"line":123,"column":4},"end":{"line":123,"column":26}},"40":{"start":{"line":124,"column":4},"end":{"line":124,"column":48}},"41":{"start":{"line":125,"column":4},"end":{"line":125,"column":15}}},"branchMap":{"1":{"line":80,"type":"if","locations":[{"start":{"line":80,"column":4},"end":{"line":80,"column":4}},{"start":{"line":80,"column":4},"end":{"line":80,"column":4}}]},"2":{"line":97,"type":"if","locations":[{"start":{"line":97,"column":4},"end":{"line":97,"column":4}},{"start":{"line":97,"column":4},"end":{"line":97,"column":4}}]},"3":{"line":101,"type":"if","locations":[{"start":{"line":101,"column":6},"end":{"line":101,"column":6}},{"start":{"line":101,"column":6},"end":{"line":101,"column":6}}]}}},"contracts/SafeMath.sol":{"l":{"15":0,"16":0,"18":0,"31":0,"44":0,"45":0,"47":0,"63":0,"64":0,"67":0,"68":0,"70":0,"85":0,"101":0,"102":0,"105":0,"120":0,"135":0,"136":0},"path":"/home/slavic/WORK/marsha-plus/contracts/SafeMath.sol","s":{"1":0,"2":0,"3":0,"4":0,"5":0,"6":0,"7":0,"8":0,"9":0,"10":0,"11":0,"12":0,"13":0,"14":0,"15":0,"16":0,"17":0,"18":0,"19":0},"b":{"1":[0,0],"2":[0,0],"3":[0,0],"4":[0,0],"5":[0,0],"6":[0,0]},"f":{"1":0,"2":0,"3":0,"4":0,"5":0,"6":0,"7":0,"8":0},"fnMap":{"1":{"name":"add","line":14,"loc":{"start":{"line":14,"column":2},"end":{"line":19,"column":2}}},"2":{"name":"sub","line":30,"loc":{"start":{"line":30,"column":2},"end":{"line":32,"column":2}}},"3":{"name":"sub","line":43,"loc":{"start":{"line":43,"column":2},"end":{"line":48,"column":2}}},"4":{"name":"mul","line":59,"loc":{"start":{"line":59,"column":2},"end":{"line":71,"column":2}}},"5":{"name":"div","line":84,"loc":{"start":{"line":84,"column":2},"end":{"line":86,"column":2}}},"6":{"name":"div","line":99,"loc":{"start":{"line":99,"column":2},"end":{"line":106,"column":2}}},"7":{"name":"mod","line":119,"loc":{"start":{"line":119,"column":2},"end":{"line":121,"column":2}}},"8":{"name":"mod","line":134,"loc":{"start":{"line":134,"column":2},"end":{"line":137,"column":2}}}},"statementMap":{"1":{"start":{"line":15,"column":4},"end":{"line":15,"column":21}},"2":{"start":{"line":16,"column":4},"end":{"line":16,"column":49}},"3":{"start":{"line":18,"column":4},"end":{"line":18,"column":12}},"4":{"start":{"line":31,"column":4},"end":{"line":31,"column":54}},"5":{"start":{"line":44,"column":4},"end":{"line":44,"column":32}},"6":{"start":{"line":45,"column":4},"end":{"line":45,"column":21}},"7":{"start":{"line":47,"column":4},"end":{"line":47,"column":12}},"8":{"start":{"line":63,"column":4},"end":{"line":63,"column":1777}},"9":{"start":{"line":64,"column":6},"end":{"line":64,"column":14}},"10":{"start":{"line":67,"column":4},"end":{"line":67,"column":21}},"11":{"start":{"line":68,"column":4},"end":{"line":68,"column":59}},"12":{"start":{"line":70,"column":4},"end":{"line":70,"column":12}},"13":{"start":{"line":85,"column":4},"end":{"line":85,"column":50}},"14":{"start":{"line":101,"column":4},"end":{"line":101,"column":31}},"15":{"start":{"line":102,"column":4},"end":{"line":102,"column":21}},"16":{"start":{"line":105,"column":4},"end":{"line":105,"column":12}},"17":{"start":{"line":120,"column":4},"end":{"line":120,"column":48}},"18":{"start":{"line":135,"column":4},"end":{"line":135,"column":32}},"19":{"start":{"line":136,"column":4},"end":{"line":136,"column":16}}},"branchMap":{"1":{"line":16,"type":"if","locations":[{"start":{"line":16,"column":4},"end":{"line":16,"column":4}},{"start":{"line":16,"column":4},"end":{"line":16,"column":4}}]},"2":{"line":44,"type":"if","locations":[{"start":{"line":44,"column":4},"end":{"line":44,"column":4}},{"start":{"line":44,"column":4},"end":{"line":44,"column":4}}]},"3":{"line":63,"type":"if","locations":[{"start":{"line":63,"column":4},"end":{"line":63,"column":4}},{"start":{"line":63,"column":4},"end":{"line":63,"column":4}}]},"4":{"line":68,"type":"if","locations":[{"start":{"line":68,"column":4},"end":{"line":68,"column":4}},{"start":{"line":68,"column":4},"end":{"line":68,"column":4}}]},"5":{"line":101,"type":"if","locations":[{"start":{"line":101,"column":4},"end":{"line":101,"column":4}},{"start":{"line":101,"column":4},"end":{"line":101,"column":4}}]},"6":{"line":135,"type":"if","locations":[{"start":{"line":135,"column":4},"end":{"line":135,"column":4}},{"start":{"line":135,"column":4},"end":{"line":135,"column":4}}]}}},"contracts/Voter-Marsha.sol":{"l":{"23":0,"27":0,"32":0,"33":0,"34":0,"35":0},"path":"/home/slavic/WORK/marsha-plus/contracts/Voter-Marsha.sol","s":{"1":0,"2":0,"3":0,"4":0,"5":0,"6":0},"b":{"1":[0,0]},"f":{"1":0,"2":0},"fnMap":{"1":{"name":"constructor","line":22,"loc":{"start":{"line":22,"column":2},"end":{"line":29,"column":2}}},"2":{"name":"vote","line":31,"loc":{"start":{"line":31,"column":2},"end":{"line":36,"column":2}}}},"statementMap":{"1":{"start":{"line":23,"column":4},"end":{"line":23,"column":613}},"2":{"start":{"line":27,"column":6},"end":{"line":27,"column":71}},"3":{"start":{"line":32,"column":4},"end":{"line":32,"column":45}},"4":{"start":{"line":33,"column":4},"end":{"line":33,"column":43}},"5":{"start":{"line":34,"column":4},"end":{"line":34,"column":22}},"6":{"start":{"line":35,"column":4},"end":{"line":35,"column":37}}},"branchMap":{"1":{"line":33,"type":"if","locations":[{"start":{"line":33,"column":4},"end":{"line":33,"column":4}},{"start":{"line":33,"column":4},"end":{"line":33,"column":4}}]}}}}